TN:
SF:src/assets/js/api.js
FN:11,fetch
FN:24,(anonymous_1)
FN:29,(anonymous_2)
FN:37,(anonymous_3)
FN:50,post
FN:62,(anonymous_5)
FN:64,(anonymous_6)
FN:72,(anonymous_7)
FN:80,upload
FN:90,(anonymous_9)
FN:101,(anonymous_10)
FN:105,(anonymous_11)
FN:115,(anonymous_12)
FN:117,(anonymous_13)
FN:119,(anonymous_14)
FN:122,(anonymous_15)
FN:124,(anonymous_16)
FN:127,(anonymous_17)
FN:130,(anonymous_18)
FN:133,(anonymous_19)
FN:136,(anonymous_20)
FN:139,(anonymous_21)
FN:142,(anonymous_22)
FN:145,(anonymous_23)
FNF:24
FNH:0
FNDA:0,fetch
FNDA:0,(anonymous_1)
FNDA:0,(anonymous_2)
FNDA:0,(anonymous_3)
FNDA:0,post
FNDA:0,(anonymous_5)
FNDA:0,(anonymous_6)
FNDA:0,(anonymous_7)
FNDA:0,upload
FNDA:0,(anonymous_9)
FNDA:0,(anonymous_10)
FNDA:0,(anonymous_11)
FNDA:0,(anonymous_12)
FNDA:0,(anonymous_13)
FNDA:0,(anonymous_14)
FNDA:0,(anonymous_15)
FNDA:0,(anonymous_16)
FNDA:0,(anonymous_17)
FNDA:0,(anonymous_18)
FNDA:0,(anonymous_19)
FNDA:0,(anonymous_20)
FNDA:0,(anonymous_21)
FNDA:0,(anonymous_22)
FNDA:0,(anonymous_23)
DA:13,0
DA:14,0
DA:15,0
DA:17,0
DA:24,0
DA:25,0
DA:30,0
DA:31,0
DA:32,0
DA:33,0
DA:35,0
DA:38,0
DA:39,0
DA:52,0
DA:53,0
DA:54,0
DA:55,0
DA:62,0
DA:63,0
DA:65,0
DA:66,0
DA:67,0
DA:68,0
DA:70,0
DA:73,0
DA:74,0
DA:82,0
DA:83,0
DA:90,0
DA:91,0
DA:97,0
DA:98,0
DA:99,0
DA:100,0
DA:102,0
DA:103,0
DA:106,0
DA:107,0
DA:112,1
DA:115,1
DA:117,1
DA:119,1
DA:122,1
DA:124,1
DA:127,1
DA:130,1
DA:133,1
DA:136,1
DA:139,1
DA:142,1
DA:145,1
LF:51
LH:13
BRDA:11,0,0,0
BRDA:11,1,0,0
BRDA:14,2,0,0
BRDA:14,2,1,0
BRDA:14,3,0,0
BRDA:14,3,1,0
BRDA:15,4,0,0
BRDA:15,4,1,0
BRDA:15,5,0,0
BRDA:15,5,1,0
BRDA:19,6,0,0
BRDA:19,6,1,0
BRDA:31,7,0,0
BRDA:31,7,1,0
BRDA:32,8,0,0
BRDA:32,8,1,0
BRDA:33,9,0,0
BRDA:33,9,1,0
BRDA:38,10,0,0
BRDA:38,10,1,0
BRDA:50,11,0,0
BRDA:53,12,0,0
BRDA:53,12,1,0
BRDA:53,13,0,0
BRDA:53,13,1,0
BRDA:54,14,0,0
BRDA:54,14,1,0
BRDA:54,15,0,0
BRDA:54,15,1,0
BRDA:57,16,0,0
BRDA:57,16,1,0
BRDA:66,17,0,0
BRDA:66,17,1,0
BRDA:67,18,0,0
BRDA:67,18,1,0
BRDA:68,19,0,0
BRDA:68,19,1,0
BRDA:73,20,0,0
BRDA:73,20,1,0
BRDA:80,21,0,0
BRDA:82,22,0,0
BRDA:82,22,1,0
BRDA:82,23,0,0
BRDA:82,23,1,0
BRDA:85,24,0,0
BRDA:85,24,1,0
BRDA:102,25,0,0
BRDA:102,25,1,0
BRDA:106,26,0,0
BRDA:106,26,1,0
BRF:50
BRH:0
end_of_record
TN:
SF:src/assets/js/axios.js
FN:23,(anonymous_0)
FN:31,(anonymous_1)
FN:36,(anonymous_2)
FN:43,(anonymous_3)
FN:53,(anonymous_4)
FNF:5
FNH:0
FNDA:0,(anonymous_0)
FNDA:0,(anonymous_1)
FNDA:0,(anonymous_2)
FNDA:0,(anonymous_3)
FNDA:0,(anonymous_4)
DA:6,1
DA:10,1
DA:24,0
DA:30,1
DA:33,0
DA:34,0
DA:37,0
DA:42,1
DA:44,0
DA:46,0
DA:47,0
DA:51,0
DA:54,0
DA:55,0
DA:59,0
DA:63,0
DA:66,0
LF:17
LH:4
BRDA:44,0,0,0
BRDA:44,0,1,0
BRDA:54,1,0,0
BRDA:54,1,1,0
BRDA:55,2,0,0
BRF:5
BRH:0
end_of_record
TN:
SF:src/assets/js/env.js
FNF:0
FNH:0
DA:11,1
DA:12,1
DA:13,1
DA:14,1
DA:15,1
DA:16,1
DA:17,1
DA:21,0
DA:22,0
DA:23,0
DA:25,0
DA:26,1
DA:27,0
DA:28,0
DA:29,0
DA:30,0
DA:31,1
DA:32,0
DA:33,0
DA:34,0
DA:35,0
LF:21
LH:9
BRDA:17,0,0,0
BRDA:17,0,1,1
BRDA:26,1,0,0
BRDA:26,1,1,1
BRDA:31,2,0,0
BRDA:31,2,1,1
BRF:6
BRH:3
end_of_record
TN:
SF:src/assets/js/filrouter.js
FN:5,(anonymous_0)
FN:6,(anonymous_1)
FNF:2
FNH:0
FNDA:0,(anonymous_0)
FNDA:0,(anonymous_1)
DA:5,1
DA:6,0
DA:7,0
DA:8,0
DA:10,0
DA:16,0
LF:6
LH:1
BRDA:6,0,0,0
BRDA:6,0,1,0
BRDA:7,1,0,0
BRDA:7,1,1,0
BRF:4
BRH:0
end_of_record
TN:
SF:src/assets/js/util.js
FN:38,(anonymous_0)
FN:40,(anonymous_1)
FNF:2
FNH:0
FNDA:0,(anonymous_0)
FNDA:0,(anonymous_1)
DA:4,1
DA:5,1
DA:38,1
DA:39,0
DA:40,0
DA:41,0
DA:43,0
LF:7
LH:3
BRF:0
BRH:0
end_of_record
TN:
SF:src/assets/js/filters/custom.js
FN:2,(anonymous_0)
FN:43,(anonymous_1)
FNF:2
FNH:0
FNDA:0,(anonymous_0)
FNDA:0,(anonymous_1)
DA:2,1
DA:3,0
DA:4,0
DA:5,0
DA:6,0
DA:7,0
DA:8,0
DA:10,0
DA:12,0
DA:13,0
DA:15,0
DA:17,0
DA:18,0
DA:20,0
DA:22,0
DA:23,0
DA:25,0
DA:27,0
DA:43,1
DA:44,0
DA:45,0
DA:47,0
LF:22
LH:2
BRDA:7,0,0,0
BRDA:7,0,1,0
BRDA:12,1,0,0
BRDA:12,1,1,0
BRDA:17,2,0,0
BRDA:17,2,1,0
BRDA:22,3,0,0
BRDA:22,3,1,0
BRDA:44,4,0,0
BRDA:44,4,1,0
BRDA:44,5,0,0
BRDA:44,5,1,0
BRF:12
BRH:0
end_of_record
TN:
SF:src/assets/js/filters/index.js
FN:8,(anonymous_0)
FN:13,(anonymous_1)
FN:22,(anonymous_2)
FN:63,(anonymous_3)
FNF:4
FNH:1
FNDA:2,(anonymous_0)
FNDA:0,(anonymous_1)
FNDA:0,(anonymous_2)
FNDA:0,(anonymous_3)
DA:8,1
DA:9,2
DA:13,1
DA:14,0
DA:15,0
DA:17,0
DA:22,1
DA:23,0
DA:24,0
DA:25,0
DA:26,0
DA:27,0
DA:28,0
DA:30,0
DA:31,0
DA:33,0
DA:35,0
DA:36,0
DA:37,0
DA:38,0
DA:39,0
DA:47,0
DA:63,1
DA:64,0
DA:65,0
DA:66,0
DA:67,0
DA:68,0
DA:70,0
DA:71,0
DA:73,0
DA:77,0
LF:32
LH:5
BRDA:14,0,0,0
BRDA:14,0,1,0
BRDA:27,1,0,0
BRDA:27,1,1,0
BRDA:27,2,0,0
BRDA:27,2,1,0
BRDA:27,2,2,0
BRDA:30,3,0,0
BRDA:30,3,1,0
BRDA:38,4,0,0
BRDA:38,4,1,0
BRDA:66,5,0,0
BRDA:66,5,1,0
BRDA:66,6,0,0
BRDA:66,6,1,0
BRDA:66,6,2,0
BRDA:67,7,0,0
BRDA:67,7,1,0
BRDA:67,8,0,0
BRDA:67,8,1,0
BRDA:70,9,0,0
BRDA:70,9,1,0
BRF:22
BRH:0
end_of_record
TN:
SF:src/router/index.js
FN:12,(anonymous_0)
FN:19,(anonymous_1)
FN:25,(anonymous_2)
FNF:3
FNH:0
FNDA:0,(anonymous_0)
FNDA:0,(anonymous_1)
FNDA:0,(anonymous_2)
DA:4,1
DA:12,0
DA:19,0
DA:25,0
LF:4
LH:1
BRF:0
BRH:0
end_of_record
TN:
SF:src/store/actions.js
FN:1,(anonymous_0)
FNF:1
FNH:0
FNDA:0,(anonymous_0)
DA:1,1
DA:2,0
LF:2
LH:1
BRF:0
BRH:0
end_of_record
TN:
SF:src/store/getters.js
FNF:0
FNH:0
LF:0
LH:0
BRF:0
BRH:0
end_of_record
TN:
SF:src/store/index.js
FNF:0
FNH:0
DA:8,1
DA:10,1
DA:35,1
LF:3
LH:3
BRF:0
BRH:0
end_of_record
TN:
SF:src/store/mutations.js
FN:2,(anonymous_0)
FN:8,(anonymous_1)
FN:16,(anonymous_2)
FNF:3
FNH:0
FNDA:0,(anonymous_0)
FNDA:0,(anonymous_1)
FNDA:0,(anonymous_2)
DA:2,1
DA:3,0
DA:4,0
DA:8,1
DA:9,0
DA:10,0
DA:11,0
DA:16,1
DA:17,0
DA:18,0
LF:10
LH:3
BRF:0
BRH:0
end_of_record
